<?xml version="1.0" encoding="UTF-8"?>
<!-- Generated by org.testng.reporters.JUnitReportReporter -->
<testsuite hostname="DESKTOP-0DVVPP6" failures="0" tests="1" name="qa.test.fitpeo.testcases.PatInformedTest" time="28.379" errors="0" timestamp="2025-03-13T22:36:42 IST" skipped="0">
  <testcase classname="qa.test.fitpeo.testcases.PatInformedTest" name="verifyFitPeoHomepageScenarios" time="28.379"/>
</testsuite> <!-- qa.test.fitpeo.testcases.PatInformedTest -->
