<?xml version="1.0" encoding="UTF-8"?>
<!-- Generated by org.testng.reporters.JUnitReportReporter -->
<testsuite hostname="DESKTOP-0DVVPP6" failures="0" tests="1" name="qa.test.fitpeo.testcases.PatInformed" time="19.815" errors="0" timestamp="2025-03-13T23:01:02 IST" skipped="0">
  <testcase classname="qa.test.fitpeo.testcases.PatInformed" name="verifyFitPeoHomepageScenarios" time="19.815"/>
</testsuite> <!-- qa.test.fitpeo.testcases.PatInformed -->
